app/build/intermediates/manifest_merge_blame_file/debug/manifest-merger-blame-debug-report.txt
1<?xml version="1.0" encoding="utf-8"?>
2<manifest xmlns:android="http://schemas.android.com/apk/res/android"
3    package="com.example.bikecontroller"
4    android:versionCode="1"
5    android:versionName="0.1" >
6
7    <uses-sdk
8        android:minSdkVersion="21"
9        android:targetSdkVersion="33" />
10
11    <uses-permission android:name="android.permission.INTERNET" />
11-->src\main\AndroidManifest.xml:6:5-67
11-->src\main\AndroidManifest.xml:6:22-64
12    <uses-permission android:name="android.permission.ACCESS_NETWORK_STATE" />
12-->src\main\AndroidManifest.xml:7:5-79
12-->src\main\AndroidManifest.xml:7:22-76
13
14    <!-- osmdroid storage permission for tile caching on API 28 and below -->
15    <uses-permission
15-->src\main\AndroidManifest.xml:10:5-108
16        android:name="android.permission.WRITE_EXTERNAL_STORAGE"
16-->src\main\AndroidManifest.xml:10:22-78
17        android:maxSdkVersion="28" />
17-->src\main\AndroidManifest.xml:10:79-105
18
19    <!-- Legacy Bluetooth permissions -->
20    <uses-permission
20-->src\main\AndroidManifest.xml:13:5-95
21        android:name="android.permission.BLUETOOTH"
21-->src\main\AndroidManifest.xml:13:22-65
22        android:maxSdkVersion="30" />
22-->src\main\AndroidManifest.xml:13:66-92
23    <uses-permission
23-->src\main\AndroidManifest.xml:14:5-101
24        android:name="android.permission.BLUETOOTH_ADMIN"
24-->src\main\AndroidManifest.xml:14:22-71
25        android:maxSdkVersion="30" />
25-->src\main\AndroidManifest.xml:14:72-98
26
27    <!-- Android 12+ permissions -->
28    <uses-permission
28-->src\main\AndroidManifest.xml:17:5-20:31
29        android:name="android.permission.BLUETOOTH_SCAN"
29-->src\main\AndroidManifest.xml:18:9-57
30        android:usesPermissionFlags="neverForLocation" />
30-->src\main\AndroidManifest.xml:19:9-55
31    <uses-permission android:name="android.permission.BLUETOOTH_CONNECT" />
31-->src\main\AndroidManifest.xml:21:5-76
31-->src\main\AndroidManifest.xml:21:22-73
32
33    <!-- Location permissions -->
34    <uses-permission android:name="android.permission.ACCESS_FINE_LOCATION" />
34-->src\main\AndroidManifest.xml:24:5-79
34-->src\main\AndroidManifest.xml:24:22-76
35    <uses-permission android:name="android.permission.ACCESS_COARSE_LOCATION" />
35-->src\main\AndroidManifest.xml:25:5-81
35-->src\main\AndroidManifest.xml:25:22-78
36
37    <uses-feature
37-->src\main\AndroidManifest.xml:27:5-90
38        android:name="android.hardware.bluetooth_le"
38-->src\main\AndroidManifest.xml:27:19-63
39        android:required="true" />
39-->src\main\AndroidManifest.xml:27:64-87
40
41    <permission
41-->[androidx.core:core:1.10.1] AndroidManifest.xml:22:5-24:47
42        android:name="com.example.bikecontroller.DYNAMIC_RECEIVER_NOT_EXPORTED_PERMISSION"
42-->[androidx.core:core:1.10.1] AndroidManifest.xml:23:9-81
43        android:protectionLevel="signature" />
43-->[androidx.core:core:1.10.1] AndroidManifest.xml:24:9-44
44
45    <uses-permission android:name="com.example.bikecontroller.DYNAMIC_RECEIVER_NOT_EXPORTED_PERMISSION" />
45-->[androidx.core:core:1.10.1] AndroidManifest.xml:26:5-97
45-->[androidx.core:core:1.10.1] AndroidManifest.xml:26:22-94
46
47    <supports-screens
47-->[org.osmdroid:osmdroid-android:6.1.18] AndroidManifest.xml:9:5-12:40
48        android:anyDensity="true"
48-->[org.osmdroid:osmdroid-android:6.1.18] AndroidManifest.xml:10:9-34
49        android:largeScreens="true"
49-->[org.osmdroid:osmdroid-android:6.1.18] AndroidManifest.xml:11:9-36
50        android:normalScreens="true" />
50-->[org.osmdroid:osmdroid-android:6.1.18] AndroidManifest.xml:12:9-37
51
52    <uses-feature
52-->[org.osmdroid:osmdroid-android:6.1.18] AndroidManifest.xml:14:5-16:36
53        android:name="android.hardware.location.network"
53-->[org.osmdroid:osmdroid-android:6.1.18] AndroidManifest.xml:15:9-57
54        android:required="false" />
54-->[org.osmdroid:osmdroid-android:6.1.18] AndroidManifest.xml:16:9-33
55    <uses-feature
55-->[org.osmdroid:osmdroid-android:6.1.18] AndroidManifest.xml:17:5-19:36
56        android:name="android.hardware.location.gps"
56-->[org.osmdroid:osmdroid-android:6.1.18] AndroidManifest.xml:18:9-53
57        android:required="false" />
57-->[org.osmdroid:osmdroid-android:6.1.18] AndroidManifest.xml:19:9-33
58    <uses-feature
58-->[org.osmdroid:osmdroid-android:6.1.18] AndroidManifest.xml:20:5-22:36
59        android:name="android.hardware.telephony"
59-->[org.osmdroid:osmdroid-android:6.1.18] AndroidManifest.xml:21:9-50
60        android:required="false" />
60-->[org.osmdroid:osmdroid-android:6.1.18] AndroidManifest.xml:22:9-33
61    <uses-feature
61-->[org.osmdroid:osmdroid-android:6.1.18] AndroidManifest.xml:23:5-25:36
62        android:name="android.hardware.wifi"
62-->[org.osmdroid:osmdroid-android:6.1.18] AndroidManifest.xml:24:9-45
63        android:required="false" />
63-->[org.osmdroid:osmdroid-android:6.1.18] AndroidManifest.xml:25:9-33
64
65    <application
65-->src\main\AndroidManifest.xml:29:5-44:19
66        android:allowBackup="true"
66-->src\main\AndroidManifest.xml:30:9-35
67        android:appComponentFactory="androidx.core.app.CoreComponentFactory"
67-->[androidx.core:core:1.10.1] AndroidManifest.xml:28:18-86
68        android:debuggable="true"
69        android:extractNativeLibs="true"
70        android:label="BikeController"
70-->src\main\AndroidManifest.xml:31:9-39
71        android:supportsRtl="true"
71-->src\main\AndroidManifest.xml:32:9-35
72        android:testOnly="true"
73        android:theme="@style/Theme.BikeController" >
73-->src\main\AndroidManifest.xml:33:9-52
74        <activity
74-->src\main\AndroidManifest.xml:35:9-43:20
75            android:name="com.example.bikecontroller.MainActivity"
75-->src\main\AndroidManifest.xml:36:13-41
76            android:configChanges="orientation|screenSize|screenLayout|keyboardHidden"
76-->src\main\AndroidManifest.xml:38:13-87
77            android:exported="true" >
77-->src\main\AndroidManifest.xml:37:13-36
78            <intent-filter>
78-->src\main\AndroidManifest.xml:39:13-42:29
79                <action android:name="android.intent.action.MAIN" />
79-->src\main\AndroidManifest.xml:40:17-69
79-->src\main\AndroidManifest.xml:40:25-66
80
81                <category android:name="android.intent.category.LAUNCHER" />
81-->src\main\AndroidManifest.xml:41:17-77
81-->src\main\AndroidManifest.xml:41:27-74
82            </intent-filter>
83        </activity>
84        <activity
84-->[com.google.android.gms:play-services-base:18.1.0] AndroidManifest.xml:20:9-22:45
85            android:name="com.google.android.gms.common.api.GoogleApiActivity"
85-->[com.google.android.gms:play-services-base:18.1.0] AndroidManifest.xml:20:19-85
86            android:exported="false"
86-->[com.google.android.gms:play-services-base:18.1.0] AndroidManifest.xml:22:19-43
87            android:theme="@android:style/Theme.Translucent.NoTitleBar" />
87-->[com.google.android.gms:play-services-base:18.1.0] AndroidManifest.xml:21:19-78
88
89        <meta-data
89-->[com.google.android.gms:play-services-basement:18.1.0] AndroidManifest.xml:21:9-23:69
90            android:name="com.google.android.gms.version"
90-->[com.google.android.gms:play-services-basement:18.1.0] AndroidManifest.xml:22:13-58
91            android:value="@integer/google_play_services_version" />
91-->[com.google.android.gms:play-services-basement:18.1.0] AndroidManifest.xml:23:13-66
92
93        <provider
93-->[androidx.emoji2:emoji2:1.3.0] AndroidManifest.xml:24:9-32:20
94            android:name="androidx.startup.InitializationProvider"
94-->[androidx.emoji2:emoji2:1.3.0] AndroidManifest.xml:25:13-67
95            android:authorities="com.example.bikecontroller.androidx-startup"
95-->[androidx.emoji2:emoji2:1.3.0] AndroidManifest.xml:26:13-68
96            android:exported="false" >
96-->[androidx.emoji2:emoji2:1.3.0] AndroidManifest.xml:27:13-37
97            <meta-data
97-->[androidx.emoji2:emoji2:1.3.0] AndroidManifest.xml:29:13-31:52
98                android:name="androidx.emoji2.text.EmojiCompatInitializer"
98-->[androidx.emoji2:emoji2:1.3.0] AndroidManifest.xml:30:17-75
99                android:value="androidx.startup" />
99-->[androidx.emoji2:emoji2:1.3.0] AndroidManifest.xml:31:17-49
100            <meta-data
100-->[androidx.lifecycle:lifecycle-process:2.6.1] AndroidManifest.xml:29:13-31:52
101                android:name="androidx.lifecycle.ProcessLifecycleInitializer"
101-->[androidx.lifecycle:lifecycle-process:2.6.1] AndroidManifest.xml:30:17-78
102                android:value="androidx.startup" />
102-->[androidx.lifecycle:lifecycle-process:2.6.1] AndroidManifest.xml:31:17-49
103            <meta-data
103-->[androidx.profileinstaller:profileinstaller:1.3.0] AndroidManifest.xml:29:13-31:52
104                android:name="androidx.profileinstaller.ProfileInstallerInitializer"
104-->[androidx.profileinstaller:profileinstaller:1.3.0] AndroidManifest.xml:30:17-85
105                android:value="androidx.startup" />
105-->[androidx.profileinstaller:profileinstaller:1.3.0] AndroidManifest.xml:31:17-49
106        </provider>
107
108        <receiver
108-->[androidx.profileinstaller:profileinstaller:1.3.0] AndroidManifest.xml:34:9-52:20
109            android:name="androidx.profileinstaller.ProfileInstallReceiver"
109-->[androidx.profileinstaller:profileinstaller:1.3.0] AndroidManifest.xml:35:13-76
110            android:directBootAware="false"
110-->[androidx.profileinstaller:profileinstaller:1.3.0] AndroidManifest.xml:36:13-44
111            android:enabled="true"
111-->[androidx.profileinstaller:profileinstaller:1.3.0] AndroidManifest.xml:37:13-35
112            android:exported="true"
112-->[androidx.profileinstaller:profileinstaller:1.3.0] AndroidManifest.xml:38:13-36
113            android:permission="android.permission.DUMP" >
113-->[androidx.profileinstaller:profileinstaller:1.3.0] AndroidManifest.xml:39:13-57
114            <intent-filter>
114-->[androidx.profileinstaller:profileinstaller:1.3.0] AndroidManifest.xml:40:13-42:29
115                <action android:name="androidx.profileinstaller.action.INSTALL_PROFILE" />
115-->[androidx.profileinstaller:profileinstaller:1.3.0] AndroidManifest.xml:41:17-91
115-->[androidx.profileinstaller:profileinstaller:1.3.0] AndroidManifest.xml:41:25-88
116            </intent-filter>
117            <intent-filter>
117-->[androidx.profileinstaller:profileinstaller:1.3.0] AndroidManifest.xml:43:13-45:29
118                <action android:name="androidx.profileinstaller.action.SKIP_FILE" />
118-->[androidx.profileinstaller:profileinstaller:1.3.0] AndroidManifest.xml:44:17-85
118-->[androidx.profileinstaller:profileinstaller:1.3.0] AndroidManifest.xml:44:25-82
119            </intent-filter>
120            <intent-filter>
120-->[androidx.profileinstaller:profileinstaller:1.3.0] AndroidManifest.xml:46:13-48:29
121                <action android:name="androidx.profileinstaller.action.SAVE_PROFILE" />
121-->[androidx.profileinstaller:profileinstaller:1.3.0] AndroidManifest.xml:47:17-88
121-->[androidx.profileinstaller:profileinstaller:1.3.0] AndroidManifest.xml:47:25-85
122            </intent-filter>
123            <intent-filter>
123-->[androidx.profileinstaller:profileinstaller:1.3.0] AndroidManifest.xml:49:13-51:29
124                <action android:name="androidx.profileinstaller.action.BENCHMARK_OPERATION" />
124-->[androidx.profileinstaller:profileinstaller:1.3.0] AndroidManifest.xml:50:17-95
124-->[androidx.profileinstaller:profileinstaller:1.3.0] AndroidManifest.xml:50:25-92
125            </intent-filter>
126        </receiver>
127    </application>
128
129</manifest>